Build started 12/9/2012 6:04:39 PM.
     1>Project "D:\RoboWaiter\git\motor_control_lib\motor_control_lib\motor_control_lib\motor_control_lib.vcxproj" on node 2 (Build target(s)).
     1>ClCompile:
         C:\Program Files (x86)\Microsoft Visual Studio 11.0\VC\bin\CL.exe /c /I"D:\RoboWaiter\RoBoIO-bin-v1.8-wince\Include" /ZI /nologo /W3 /WX- /Od /Oy- /D WIN32 /D _DEBUG /D _CONSOLE /D _UNICODE /D UNICODE /Gm /EHsc /RTC1 /MDd /GS /fp:precise /Zc:wchar_t /Zc:forScope /Fo"Debug\\" /Fd"Debug\vc110.pdb" /Gd /TP /analyze- /errorReport:prompt control_lib.cpp
         control_lib.cpp
       Link:
         C:\Program Files (x86)\Microsoft Visual Studio 11.0\VC\bin\link.exe /ERRORREPORT:PROMPT /OUT:"D:\RoboWaiter\git\motor_control_lib\motor_control_lib\Debug\motor_control_lib.exe" /INCREMENTAL /NOLOGO /LIBPATH:"D:\RoboWaiter\RoBoIO-bin-v1.8-wince\Lib" kernel32.lib user32.lib gdi32.lib winspool.lib comdlg32.lib advapi32.lib shell32.lib ole32.lib oleaut32.lib uuid.lib odbc32.lib odbccp32.lib /MANIFEST /MANIFESTUAC:"level='asInvoker' uiAccess='false'" /manifest:embed /DEBUG /PDB:"D:\RoboWaiter\git\motor_control_lib\motor_control_lib\Debug\motor_control_lib.pdb" /SUBSYSTEM:CONSOLE /TLBID:1 /DYNAMICBASE /NXCOMPAT /IMPLIB:"D:\RoboWaiter\git\motor_control_lib\motor_control_lib\Debug\motor_control_lib.lib" /MACHINE:X86 Debug\control_lib.obj
         Debug\main.obj
     1>control_lib.obj : error LNK2019: unresolved external symbol _i2cmaster_StartN referenced in function "bool __cdecl i2c0master_StartN(unsigned char,unsigned char,int)" (?i2c0master_StartN@@YA_NEEH@Z)
     1>control_lib.obj : error LNK2019: unresolved external symbol _i2cmaster_WriteN referenced in function "bool __cdecl i2c0master_WriteN(unsigned char)" (?i2c0master_WriteN@@YA_NE@Z)
     1>D:\RoboWaiter\git\motor_control_lib\motor_control_lib\Debug\motor_control_lib.exe : fatal error LNK1120: 2 unresolved externals
     1>Done Building Project "D:\RoboWaiter\git\motor_control_lib\motor_control_lib\motor_control_lib\motor_control_lib.vcxproj" (Build target(s)) -- FAILED.

Build FAILED.

Time Elapsed 00:00:01.87
